[Parallel(n_jobs=1)]: Done  49 tasks      | elapsed:    0.2s
[Parallel(n_jobs=1)]: Done 199 tasks      | elapsed:    0.7s
[Parallel(n_jobs=1)]: Done 449 tasks      | elapsed:    1.2s
[Parallel(n_jobs=1)]: Done 799 tasks      | elapsed:    2.1s
[Parallel(n_jobs=1)]: Done  49 tasks      | elapsed:    0.2s
[Parallel(n_jobs=1)]: Done 199 tasks      | elapsed:    0.7s
[Parallel(n_jobs=1)]: Done 449 tasks      | elapsed:    1.6s
[Parallel(n_jobs=1)]: Done 799 tasks      | elapsed:    2.9s
[Parallel(n_jobs=1)]: Done  49 tasks      | elapsed:    0.0s
[Parallel(n_jobs=1)]: Done 199 tasks      | elapsed:    0.2s
[Parallel(n_jobs=1)]: Done 449 tasks      | elapsed:    0.4s
[Parallel(n_jobs=1)]: Done 799 tasks      | elapsed:    0.7s
[Parallel(n_jobs=-1)]: Using backend MultiprocessingBackend with 48 concurrent workers.
[Parallel(n_jobs=-1)]: Done 112 tasks      | elapsed:    0.4s
[Parallel(n_jobs=-1)]: Done 738 tasks      | elapsed:    0.7s
[Parallel(n_jobs=-1)]: Done 1000 out of 1000 | elapsed:    0.8s finished
[Parallel(n_jobs=1)]: Done  49 tasks      | elapsed:    0.1s
[Parallel(n_jobs=1)]: Done 199 tasks      | elapsed:    0.5s
[Parallel(n_jobs=1)]: Done 449 tasks      | elapsed:    1.1s
[Parallel(n_jobs=1)]: Done 799 tasks      | elapsed:    2.0s
[Parallel(n_jobs=1)]: Done 1249 tasks      | elapsed:    3.1s
[Parallel(n_jobs=1)]: Done 1799 tasks      | elapsed:    4.3s
[Parallel(n_jobs=1)]: Done 2449 tasks      | elapsed:    5.8s
[Parallel(n_jobs=1)]: Done 3199 tasks      | elapsed:    7.7s
[Parallel(n_jobs=1)]: Done 4049 tasks      | elapsed:    9.5s
[Parallel(n_jobs=1)]: Done 4999 tasks      | elapsed:   11.7s
[Parallel(n_jobs=1)]: Done 6049 tasks      | elapsed:   14.4s
[Parallel(n_jobs=1)]: Done 7199 tasks      | elapsed:   17.1s
[Parallel(n_jobs=1)]: Done 8449 tasks      | elapsed:   19.8s
[Parallel(n_jobs=1)]: Done 9799 tasks      | elapsed:   23.0s
[Parallel(n_jobs=1)]: Done 11249 tasks      | elapsed:   26.7s
[Parallel(n_jobs=1)]: Done 12799 tasks      | elapsed:   30.6s
[Parallel(n_jobs=1)]: Done 14449 tasks      | elapsed:   34.6s
[Parallel(n_jobs=1)]: Done 16199 tasks      | elapsed:   38.7s
[Parallel(n_jobs=1)]: Done 18049 tasks      | elapsed:   43.2s
[Parallel(n_jobs=1)]: Done 19999 tasks      | elapsed:   47.5s
[Parallel(n_jobs=1)]: Done 22049 tasks      | elapsed:   52.5s
[Parallel(n_jobs=1)]: Done 24199 tasks      | elapsed:   58.3s
[Parallel(n_jobs=1)]: Done 26449 tasks      | elapsed:  1.1min
[Parallel(n_jobs=1)]: Done 28799 tasks      | elapsed:  1.2min
[Parallel(n_jobs=1)]: Done 31249 tasks      | elapsed:  1.3min
[Parallel(n_jobs=1)]: Done 33799 tasks      | elapsed:  1.4min
[Parallel(n_jobs=1)]: Done 36449 tasks      | elapsed:  1.5min
[Parallel(n_jobs=1)]: Done 39199 tasks      | elapsed:  1.6min
[Parallel(n_jobs=1)]: Done 42049 tasks      | elapsed:  1.7min
[Parallel(n_jobs=1)]: Done 44999 tasks      | elapsed:  1.8min
Terminated
[Parallel(n_jobs=-1)]: Using backend MultiprocessingBackend with 48 concurrent workers.
[Parallel(n_jobs=-1)]: Done 139 tasks      | elapsed:    0.5s
[Parallel(n_jobs=-1)]: Done 723 tasks      | elapsed:    0.7s
[Parallel(n_jobs=-1)]: Done 1000 out of 1000 | elapsed:    0.8s finished
[Parallel(n_jobs=-1)]: Using backend MultiprocessingBackend with 48 concurrent workers.
[Parallel(n_jobs=-1)]: Done 134 tasks      | elapsed:    0.6s
[Parallel(n_jobs=-1)]: Done 735 tasks      | elapsed:    1.0s
[Parallel(n_jobs=-1)]: Done 1000 out of 1000 | elapsed:    1.1s finished
[Parallel(n_jobs=-1)]: Using backend MultiprocessingBackend with 48 concurrent workers.
[Parallel(n_jobs=-1)]: Done 112 tasks      | elapsed:    0.5s
[Parallel(n_jobs=-1)]: Done 738 tasks      | elapsed:    0.7s
[Parallel(n_jobs=-1)]: Done 1000 out of 1000 | elapsed:    0.8s finished
[Parallel(n_jobs=-1)]: Using backend MultiprocessingBackend with 48 concurrent workers.
[Parallel(n_jobs=-1)]: Done 112 tasks      | elapsed:    0.4s
[Parallel(n_jobs=-1)]: Done 738 tasks      | elapsed:    0.6s
[Parallel(n_jobs=-1)]: Done 1000 out of 1000 | elapsed:    0.7s finished
[Parallel(n_jobs=-1)]: Using backend MultiprocessingBackend with 48 concurrent workers.
[Parallel(n_jobs=-1)]: Done 135 tasks      | elapsed:    0.5s
[Parallel(n_jobs=-1)]: Done 1200 tasks      | elapsed:    0.8s
[Parallel(n_jobs=-1)]: Done 14240 tasks      | elapsed:    2.6s
[Parallel(n_jobs=-1)]: Done 43040 tasks      | elapsed:    5.9s
[Parallel(n_jobs=-1)]: Done 78240 tasks      | elapsed:   10.2s
[Parallel(n_jobs=-1)]: Done 119840 tasks      | elapsed:   15.4s
[Parallel(n_jobs=-1)]: Done 167840 tasks      | elapsed:   21.4s
[Parallel(n_jobs=-1)]: Done 222240 tasks      | elapsed:   28.3s
[Parallel(n_jobs=-1)]: Done 283040 tasks      | elapsed:   35.9s
[Parallel(n_jobs=-1)]: Done 350240 tasks      | elapsed:   43.7s
[Parallel(n_jobs=-1)]: Done 423840 tasks      | elapsed:   52.6s
[Parallel(n_jobs=-1)]: Done 481152 tasks      | elapsed:  1.0min
[Parallel(n_jobs=-1)]: Done 539888 tasks      | elapsed:  1.1min
[Parallel(n_jobs=-1)]: Done 625440 tasks      | elapsed:  1.3min
[Parallel(n_jobs=-1)]: Done 692448 tasks      | elapsed:  1.4min
[Parallel(n_jobs=-1)]: Done 767456 tasks      | elapsed:  1.6min
[Parallel(n_jobs=-1)]: Done 865728 tasks      | elapsed:  1.8min
[Parallel(n_jobs=-1)]: Done 939728 tasks      | elapsed:  2.0min
[Parallel(n_jobs=-1)]: Done 999632 tasks      | elapsed:  2.1min
[Parallel(n_jobs=-1)]: Done 1000000 out of 1000000 | elapsed:  2.1min finished
[Parallel(n_jobs=-1)]: Using backend MultiprocessingBackend with 48 concurrent workers.
[Parallel(n_jobs=-1)]: Done 104 tasks      | elapsed:    6.7s
[Parallel(n_jobs=-1)]: Done 648 tasks      | elapsed:    7.0s
[Parallel(n_jobs=-1)]: Done 7168 tasks      | elapsed:    8.7s
[Parallel(n_jobs=-1)]: Done 21568 tasks      | elapsed:   12.0s
[Parallel(n_jobs=-1)]: Done 39168 tasks      | elapsed:   15.8s
[Parallel(n_jobs=-1)]: Done 59968 tasks      | elapsed:   20.4s
[Parallel(n_jobs=-1)]: Done 83968 tasks      | elapsed:   25.6s
[Parallel(n_jobs=-1)]: Done 110580 tasks      | elapsed:   36.9s
[Parallel(n_jobs=-1)]: Done 132352 tasks      | elapsed:   41.4s
[Parallel(n_jobs=-1)]: Done 165952 tasks      | elapsed:   48.5s
[Parallel(n_jobs=-1)]: Done 202752 tasks      | elapsed:   56.4s
[Parallel(n_jobs=-1)]: Done 235112 tasks      | elapsed:  1.2min
[Parallel(n_jobs=-1)]: Done 276736 tasks      | elapsed:  1.3min
[Parallel(n_jobs=-1)]: Done 323136 tasks      | elapsed:  1.5min
[Parallel(n_jobs=-1)]: Done 370604 tasks      | elapsed:  1.8min
[Parallel(n_jobs=-1)]: Done 406224 tasks      | elapsed:  1.9min
[Parallel(n_jobs=-1)]: Done 448224 tasks      | elapsed:  2.0min
[Parallel(n_jobs=-1)]: Done 492624 tasks      | elapsed:  2.2min
[Parallel(n_jobs=-1)]: Done 533536 tasks      | elapsed:  2.5min
[Parallel(n_jobs=-1)]: Done 599136 tasks      | elapsed:  2.7min
[Parallel(n_jobs=-1)]: Done 667936 tasks      | elapsed:  3.0min
[Parallel(n_jobs=-1)]: Done 730720 tasks      | elapsed:  3.3min
[Parallel(n_jobs=-1)]: Done 805920 tasks      | elapsed:  3.6min
[Parallel(n_jobs=-1)]: Done 884320 tasks      | elapsed:  3.9min
[Parallel(n_jobs=-1)]: Done 955360 tasks      | elapsed:  4.3min
[Parallel(n_jobs=-1)]: Done 1000000 out of 1000000 | elapsed:  4.5min finished
[Parallel(n_jobs=-1)]: Using backend MultiprocessingBackend with 48 concurrent workers.
[Parallel(n_jobs=-1)]: Done 112 tasks      | elapsed:   14.2s
[Parallel(n_jobs=-1)]: Done 1200 tasks      | elapsed:   14.5s
[Parallel(n_jobs=-1)]: Done 10144 tasks      | elapsed:   16.3s
[Parallel(n_jobs=-1)]: Done 24544 tasks      | elapsed:   19.1s
[Parallel(n_jobs=-1)]: Done 42144 tasks      | elapsed:   22.7s
[Parallel(n_jobs=-1)]: Done 62944 tasks      | elapsed:   27.2s
[Parallel(n_jobs=-1)]: Done 86944 tasks      | elapsed:   32.3s
[Parallel(n_jobs=-1)]: Done 114144 tasks      | elapsed:   38.0s
[Parallel(n_jobs=-1)]: Done 144544 tasks      | elapsed:   44.4s
[Parallel(n_jobs=-1)]: Done 174056 tasks      | elapsed:  1.0min
[Parallel(n_jobs=-1)]: Done 191136 tasks      | elapsed:  1.1min
[Parallel(n_jobs=-1)]: Done 211136 tasks      | elapsed:  1.2min
[Parallel(n_jobs=-1)]: Done 232736 tasks      | elapsed:  1.2min
[Parallel(n_jobs=-1)]: Done 255936 tasks      | elapsed:  1.3min
[Parallel(n_jobs=-1)]: Done 280736 tasks      | elapsed:  1.4min
[Parallel(n_jobs=-1)]: Done 307136 tasks      | elapsed:  1.5min
[Parallel(n_jobs=-1)]: Done 335136 tasks      | elapsed:  1.6min
[Parallel(n_jobs=-1)]: Done 364736 tasks      | elapsed:  1.7min
[Parallel(n_jobs=-1)]: Done 395936 tasks      | elapsed:  1.8min
[Parallel(n_jobs=-1)]: Done 441216 tasks      | elapsed:  2.2min
[Parallel(n_jobs=-1)]: Done 510016 tasks      | elapsed:  2.4min
[Parallel(n_jobs=-1)]: Done 582016 tasks      | elapsed:  2.7min
[Parallel(n_jobs=-1)]: Done 648000 tasks      | elapsed:  3.1min
[Parallel(n_jobs=-1)]: Done 726400 tasks      | elapsed:  3.4min
[Parallel(n_jobs=-1)]: Done 808000 tasks      | elapsed:  3.6min
[Parallel(n_jobs=-1)]: Done 880512 tasks      | elapsed:  4.1min
[Parallel(n_jobs=-1)]: Done 968512 tasks      | elapsed:  4.4min
[Parallel(n_jobs=-1)]: Done 1000000 out of 1000000 | elapsed:  4.5min finished
[Parallel(n_jobs=-1)]: Using backend MultiprocessingBackend with 48 concurrent workers.
[Parallel(n_jobs=-1)]: Done 112 tasks      | elapsed:   15.6s
[Parallel(n_jobs=-1)]: Done 1200 tasks      | elapsed:   15.9s
[Parallel(n_jobs=-1)]: Done 10144 tasks      | elapsed:   17.6s
[Parallel(n_jobs=-1)]: Done 24544 tasks      | elapsed:   20.3s
[Parallel(n_jobs=-1)]: Done 42144 tasks      | elapsed:   23.6s
[Parallel(n_jobs=-1)]: Done 62944 tasks      | elapsed:   27.8s
[Parallel(n_jobs=-1)]: Done 86944 tasks      | elapsed:   32.3s
[Parallel(n_jobs=-1)]: Done 114144 tasks      | elapsed:   37.6s
[Parallel(n_jobs=-1)]: Done 144544 tasks      | elapsed:   43.4s
[Parallel(n_jobs=-1)]: Done 168928 tasks      | elapsed:   58.3s
[Parallel(n_jobs=-1)]: Done 205728 tasks      | elapsed:  1.1min
[Parallel(n_jobs=-1)]: Done 245728 tasks      | elapsed:  1.2min
[Parallel(n_jobs=-1)]: Done 288928 tasks      | elapsed:  1.3min
[Parallel(n_jobs=-1)]: Done 325824 tasks      | elapsed:  1.6min
[Parallel(n_jobs=-1)]: Done 374944 tasks      | elapsed:  1.8min
[Parallel(n_jobs=-1)]: Done 427744 tasks      | elapsed:  2.0min
[Parallel(n_jobs=-1)]: Done 483744 tasks      | elapsed:  2.3min
[Parallel(n_jobs=-1)]: Done 533728 tasks      | elapsed:  2.5min
[Parallel(n_jobs=-1)]: Done 596128 tasks      | elapsed:  2.7min
[Parallel(n_jobs=-1)]: Done 652992 tasks      | elapsed:  3.0min
[Parallel(n_jobs=-1)]: Done 721312 tasks      | elapsed:  3.2min
[Parallel(n_jobs=-1)]: Done 793312 tasks      | elapsed:  3.5min
[Parallel(n_jobs=-1)]: Done 859296 tasks      | elapsed:  3.9min
[Parallel(n_jobs=-1)]: Done 937696 tasks      | elapsed:  4.1min
[Parallel(n_jobs=-1)]: Done 999416 tasks      | elapsed:  4.5min
[Parallel(n_jobs=-1)]: Done 1000000 out of 1000000 | elapsed:  4.5min finished
[Parallel(n_jobs=-1)]: Using backend MultiprocessingBackend with 48 concurrent workers.
[Parallel(n_jobs=-1)]: Done 134 tasks      | elapsed:    0.5s
[Parallel(n_jobs=-1)]: Done 735 tasks      | elapsed:    0.7s
[Parallel(n_jobs=-1)]: Done 1000 out of 1000 | elapsed:    0.8s finished
[Parallel(n_jobs=-1)]: Using backend MultiprocessingBackend with 48 concurrent workers.
[Parallel(n_jobs=-1)]: Done 128 tasks      | elapsed:    0.6s
[Parallel(n_jobs=-1)]: Done 732 tasks      | elapsed:    0.9s
[Parallel(n_jobs=-1)]: Done 1000 out of 1000 | elapsed:    1.1s finished
[Parallel(n_jobs=-1)]: Using backend MultiprocessingBackend with 48 concurrent workers.
[Parallel(n_jobs=-1)]: Done 112 tasks      | elapsed:    0.4s
[Parallel(n_jobs=-1)]: Done 738 tasks      | elapsed:    0.6s
[Parallel(n_jobs=-1)]: Done 1000 out of 1000 | elapsed:    0.7s finished
[Parallel(n_jobs=-1)]: Using backend MultiprocessingBackend with 48 concurrent workers.
[Parallel(n_jobs=-1)]: Done 112 tasks      | elapsed:    0.4s
[Parallel(n_jobs=-1)]: Done 738 tasks      | elapsed:    0.6s
[Parallel(n_jobs=-1)]: Done 1000 out of 1000 | elapsed:    0.6s finished
[Parallel(n_jobs=-1)]: Using backend MultiprocessingBackend with 48 concurrent workers.
[Parallel(n_jobs=-1)]: Done 134 tasks      | elapsed:    0.5s
[Parallel(n_jobs=-1)]: Done 1200 tasks      | elapsed:    0.8s
[Parallel(n_jobs=-1)]: Done 14240 tasks      | elapsed:    2.4s
[Parallel(n_jobs=-1)]: Done 43040 tasks      | elapsed:    5.8s
[Parallel(n_jobs=-1)]: Done 78240 tasks      | elapsed:   10.2s
[Parallel(n_jobs=-1)]: Done 119840 tasks      | elapsed:   15.3s
[Parallel(n_jobs=-1)]: Done 167840 tasks      | elapsed:   21.2s
[Parallel(n_jobs=-1)]: Done 222240 tasks      | elapsed:   28.0s
[Parallel(n_jobs=-1)]: Done 283040 tasks      | elapsed:   35.8s
[Parallel(n_jobs=-1)]: Done 350240 tasks      | elapsed:   43.8s
[Parallel(n_jobs=-1)]: Done 423840 tasks      | elapsed:   52.5s
[Parallel(n_jobs=-1)]: Done 484608 tasks      | elapsed:  1.0min
[Parallel(n_jobs=-1)]: Done 543328 tasks      | elapsed:  1.1min
[Parallel(n_jobs=-1)]: Done 628896 tasks      | elapsed:  1.3min
[Parallel(n_jobs=-1)]: Done 695328 tasks      | elapsed:  1.4min
[Parallel(n_jobs=-1)]: Done 770336 tasks      | elapsed:  1.6min
[Parallel(n_jobs=-1)]: Done 869472 tasks      | elapsed:  1.8min
[Parallel(n_jobs=-1)]: Done 957696 tasks      | elapsed:  2.0min
[Parallel(n_jobs=-1)]: Done 1000000 out of 1000000 | elapsed:  2.1min finished
[Parallel(n_jobs=-1)]: Using backend MultiprocessingBackend with 48 concurrent workers.
[Parallel(n_jobs=-1)]: Done 104 tasks      | elapsed:    6.4s
[Parallel(n_jobs=-1)]: Done 648 tasks      | elapsed:    6.7s
[Parallel(n_jobs=-1)]: Done 5120 tasks      | elapsed:    7.9s
[Parallel(n_jobs=-1)]: Done 12320 tasks      | elapsed:    9.7s
[Parallel(n_jobs=-1)]: Done 21120 tasks      | elapsed:   11.7s
[Parallel(n_jobs=-1)]: Done 31520 tasks      | elapsed:   14.4s
[Parallel(n_jobs=-1)]: Done 43520 tasks      | elapsed:   17.3s
[Parallel(n_jobs=-1)]: Done 57120 tasks      | elapsed:   20.6s
[Parallel(n_jobs=-1)]: Done 72320 tasks      | elapsed:   24.4s
[Parallel(n_jobs=-1)]: Done 89120 tasks      | elapsed:   28.4s
[Parallel(n_jobs=-1)]: Done 107520 tasks      | elapsed:   32.7s
[Parallel(n_jobs=-1)]: Done 128128 tasks      | elapsed:   43.0s
[Parallel(n_jobs=-1)]: Done 171328 tasks      | elapsed:   52.3s
[Parallel(n_jobs=-1)]: Done 217728 tasks      | elapsed:  1.0min
[Parallel(n_jobs=-1)]: Done 258112 tasks      | elapsed:  1.3min
[Parallel(n_jobs=-1)]: Done 310912 tasks      | elapsed:  1.5min
[Parallel(n_jobs=-1)]: Done 366912 tasks      | elapsed:  1.7min
[Parallel(n_jobs=-1)]: Done 416896 tasks      | elapsed:  2.0min
[Parallel(n_jobs=-1)]: Done 479296 tasks      | elapsed:  2.2min
[Parallel(n_jobs=-1)]: Done 539436 tasks      | elapsed:  2.5min
[Parallel(n_jobs=-1)]: Done 589344 tasks      | elapsed:  2.7min
[Parallel(n_jobs=-1)]: Done 643344 tasks      | elapsed:  2.9min
[Parallel(n_jobs=-1)]: Done 699744 tasks      | elapsed:  3.1min
[Parallel(n_jobs=-1)]: Done 766816 tasks      | elapsed:  3.5min
[Parallel(n_jobs=-1)]: Done 848416 tasks      | elapsed:  3.8min
[Parallel(n_jobs=-1)]: Done 919296 tasks      | elapsed:  4.2min
[Parallel(n_jobs=-1)]: Done 963296 tasks      | elapsed:  4.4min
[Parallel(n_jobs=-1)]: Done 1000000 out of 1000000 | elapsed:  4.5min finished
[Parallel(n_jobs=-1)]: Using backend MultiprocessingBackend with 48 concurrent workers.
[Parallel(n_jobs=-1)]: Done 112 tasks      | elapsed:   14.1s
[Parallel(n_jobs=-1)]: Done 1200 tasks      | elapsed:   14.4s
[Parallel(n_jobs=-1)]: Done 10144 tasks      | elapsed:   16.1s
[Parallel(n_jobs=-1)]: Done 24544 tasks      | elapsed:   18.9s
[Parallel(n_jobs=-1)]: Done 42144 tasks      | elapsed:   22.4s
[Parallel(n_jobs=-1)]: Done 62944 tasks      | elapsed:   26.4s
[Parallel(n_jobs=-1)]: Done 86944 tasks      | elapsed:   31.0s
[Parallel(n_jobs=-1)]: Done 114144 tasks      | elapsed:   36.3s
[Parallel(n_jobs=-1)]: Done 144544 tasks      | elapsed:   42.2s
[Parallel(n_jobs=-1)]: Done 172328 tasks      | elapsed:  1.0min
[Parallel(n_jobs=-1)]: Done 202656 tasks      | elapsed:  1.1min
[Parallel(n_jobs=-1)]: Done 242656 tasks      | elapsed:  1.3min
[Parallel(n_jobs=-1)]: Done 285856 tasks      | elapsed:  1.4min
[Parallel(n_jobs=-1)]: Done 332256 tasks      | elapsed:  1.6min
[Parallel(n_jobs=-1)]: Done 364448 tasks      | elapsed:  1.9min
[Parallel(n_jobs=-1)]: Done 390848 tasks      | elapsed:  2.0min
[Parallel(n_jobs=-1)]: Done 418848 tasks      | elapsed:  2.1min
[Parallel(n_jobs=-1)]: Done 448448 tasks      | elapsed:  2.2min
[Parallel(n_jobs=-1)]: Done 479648 tasks      | elapsed:  2.3min
[Parallel(n_jobs=-1)]: Done 512448 tasks      | elapsed:  2.4min
[Parallel(n_jobs=-1)]: Done 580768 tasks      | elapsed:  2.6min
[Parallel(n_jobs=-1)]: Done 640480 tasks      | elapsed:  3.1min
[Parallel(n_jobs=-1)]: Done 715680 tasks      | elapsed:  3.3min
[Parallel(n_jobs=-1)]: Done 794080 tasks      | elapsed:  3.6min
[Parallel(n_jobs=-1)]: Done 834080 tasks      | elapsed:  3.9min
[Parallel(n_jobs=-1)]: Done 876480 tasks      | elapsed:  4.1min
[Parallel(n_jobs=-1)]: Done 920480 tasks      | elapsed:  4.2min
[Parallel(n_jobs=-1)]: Done 966080 tasks      | elapsed:  4.4min
[Parallel(n_jobs=-1)]: Done 1000000 out of 1000000 | elapsed:  4.5min finished
[Parallel(n_jobs=-1)]: Using backend MultiprocessingBackend with 48 concurrent workers.
[Parallel(n_jobs=-1)]: Done 112 tasks      | elapsed:   17.3s
[Parallel(n_jobs=-1)]: Done 1200 tasks      | elapsed:   17.6s
[Parallel(n_jobs=-1)]: Done 10144 tasks      | elapsed:   19.2s
[Parallel(n_jobs=-1)]: Done 24544 tasks      | elapsed:   21.9s
[Parallel(n_jobs=-1)]: Done 42144 tasks      | elapsed:   25.3s
[Parallel(n_jobs=-1)]: Done 62944 tasks      | elapsed:   29.4s
[Parallel(n_jobs=-1)]: Done 86944 tasks      | elapsed:   34.1s
[Parallel(n_jobs=-1)]: Done 114144 tasks      | elapsed:   39.0s
[Parallel(n_jobs=-1)]: Done 144544 tasks      | elapsed:   44.9s
[Parallel(n_jobs=-1)]: Done 168928 tasks      | elapsed:   59.9s
[Parallel(n_jobs=-1)]: Done 205728 tasks      | elapsed:  1.1min
[Parallel(n_jobs=-1)]: Done 245728 tasks      | elapsed:  1.2min
[Parallel(n_jobs=-1)]: Done 288928 tasks      | elapsed:  1.4min
[Parallel(n_jobs=-1)]: Done 326112 tasks      | elapsed:  1.7min
[Parallel(n_jobs=-1)]: Done 375712 tasks      | elapsed:  1.8min
[Parallel(n_jobs=-1)]: Done 428512 tasks      | elapsed:  2.0min
[Parallel(n_jobs=-1)]: Done 483840 tasks      | elapsed:  2.4min
[Parallel(n_jobs=-1)]: Done 534496 tasks      | elapsed:  2.5min
[Parallel(n_jobs=-1)]: Done 596896 tasks      | elapsed:  2.7min
[Parallel(n_jobs=-1)]: Done 655392 tasks      | elapsed:  3.1min
[Parallel(n_jobs=-1)]: Done 762912 tasks      | elapsed:  3.6min
[Parallel(n_jobs=-1)]: Done 853584 tasks      | elapsed:  4.1min
[Parallel(n_jobs=-1)]: Done 909984 tasks      | elapsed:  4.3min
[Parallel(n_jobs=-1)]: Done 968784 tasks      | elapsed:  4.4min
[Parallel(n_jobs=-1)]: Done 1000000 out of 1000000 | elapsed:  4.5min finished
Traceback (most recent call last):
  File "/app/src/data/build_dataset.sage.py", line 191, in <module>
    main()
  File "/app/src/data/build_dataset.sage.py", line 172, in main
    with open(params.config_path, 'r') as f:
FileNotFoundError: [Errno 2] No such file or directory: 'config/groebner_n=5_field=GF7.yaml'
[Parallel(n_jobs=-1)]: Using backend MultiprocessingBackend with 48 concurrent workers.
[Parallel(n_jobs=-1)]: Done 131 tasks      | elapsed:    0.5s
[Parallel(n_jobs=-1)]: Done 738 tasks      | elapsed:    0.8s
[Parallel(n_jobs=-1)]: Done 1000 out of 1000 | elapsed:    0.9s finished
[Parallel(n_jobs=-1)]: Using backend MultiprocessingBackend with 48 concurrent workers.
[Parallel(n_jobs=-1)]: Done 117 tasks      | elapsed:    0.8s
[Parallel(n_jobs=-1)]: Done 612 tasks      | elapsed:    1.7s
[Parallel(n_jobs=-1)]: Done 1000 out of 1000 | elapsed:    2.4s finished
[Parallel(n_jobs=-1)]: Using backend MultiprocessingBackend with 48 concurrent workers.
[Parallel(n_jobs=-1)]: Done 131 tasks      | elapsed:  3.4min
[Parallel(n_jobs=-1)]: Done 440 tasks      | elapsed: 14.5min
[Parallel(n_jobs=-1)]: Done 797 tasks      | elapsed: 26.6min
[Parallel(n_jobs=-1)]: Done 905 out of 1000 | elapsed: 30.2min remaining:  3.2min
[Parallel(n_jobs=-1)]: Using backend MultiprocessingBackend with 48 concurrent workers.
[Parallel(n_jobs=-1)]: Done 129 tasks      | elapsed:    0.4s
[Parallel(n_jobs=-1)]: Done 738 tasks      | elapsed:    0.6s
[Parallel(n_jobs=-1)]: Done 1000 out of 1000 | elapsed:    0.6s finished
[Parallel(n_jobs=-1)]: Using backend MultiprocessingBackend with 48 concurrent workers.
[Parallel(n_jobs=-1)]: Done 113 tasks      | elapsed:    0.7s
[Parallel(n_jobs=-1)]: Done 882 tasks      | elapsed:    2.1s
[Parallel(n_jobs=-1)]: Done 1000 out of 1000 | elapsed:    2.4s finished
Traceback (most recent call last):
  File "/app/src/data/build_dataset.sage.py", line 189, in <module>
    main()
  File "/app/src/data/build_dataset.sage.py", line 181, in main
    build_dataset(get_dataset_builder, config, save_dir, tag='test', n_jobs=-_sage_const_1 , timing=False)
  File "/app/src/data/build_dataset.sage.py", line 153, in build_dataset
    dataset, encoding=f'lex.{config["data_encoding"]}', n_jobs=n_jobs, ring=ring, split_rational=True)
KeyError: 'data_encoding'
[Parallel(n_jobs=-1)]: Using backend MultiprocessingBackend with 48 concurrent workers.
[Parallel(n_jobs=-1)]: Done 131 tasks      | elapsed:    0.4s
[Parallel(n_jobs=-1)]: Done 738 tasks      | elapsed:    0.6s
[Parallel(n_jobs=-1)]: Done 1000 out of 1000 | elapsed:    0.6s finished
[Parallel(n_jobs=-1)]: Using backend MultiprocessingBackend with 48 concurrent workers.
[Parallel(n_jobs=-1)]: Done 131 tasks      | elapsed:    0.5s
[Parallel(n_jobs=-1)]: Done 738 tasks      | elapsed:    0.7s
[Parallel(n_jobs=-1)]: Done 1000 out of 1000 | elapsed:    0.8s finished
Traceback (most recent call last):
  File "/app/src/data/build_dataset.sage.py", line 189, in <module>
    main()
  File "/app/src/data/build_dataset.sage.py", line 181, in main
    build_dataset(get_dataset_builder, config, save_dir, tag='test', n_jobs=-_sage_const_1 , timing=False)
  File "/app/src/data/build_dataset.sage.py", line 153, in build_dataset
    dataset, encoding=f'lex.{config["data_encoding"]}', n_jobs=n_jobs, ring=ring, split_rational=True)
KeyError: 'data_encoding'
[Parallel(n_jobs=-1)]: Using backend MultiprocessingBackend with 48 concurrent workers.
[Parallel(n_jobs=-1)]: Done 135 tasks      | elapsed:    0.4s
[Parallel(n_jobs=-1)]: Done 729 tasks      | elapsed:    0.6s
[Parallel(n_jobs=-1)]: Done 1000 out of 1000 | elapsed:    0.6s finished
[Parallel(n_jobs=-1)]: Using backend MultiprocessingBackend with 48 concurrent workers.
[Parallel(n_jobs=-1)]: Done 122 tasks      | elapsed:    0.5s
[Parallel(n_jobs=-1)]: Done 738 tasks      | elapsed:    0.7s
[Parallel(n_jobs=-1)]: Done 1000 out of 1000 | elapsed:    0.8s finished
[Parallel(n_jobs=-1)]: Using backend MultiprocessingBackend with 48 concurrent workers.
[Parallel(n_jobs=-1)]: Done 112 tasks      | elapsed:    0.4s
[Parallel(n_jobs=-1)]: Done 738 tasks      | elapsed:    0.6s
[Parallel(n_jobs=-1)]: Done 1000 out of 1000 | elapsed:    0.7s finished
[Parallel(n_jobs=-1)]: Using backend MultiprocessingBackend with 48 concurrent workers.
[Parallel(n_jobs=-1)]: Done 135 tasks      | elapsed:    0.4s
[Parallel(n_jobs=-1)]: Done 1200 tasks      | elapsed:    0.7s
[Parallel(n_jobs=-1)]: Done 14240 tasks      | elapsed:    2.0s
[Parallel(n_jobs=-1)]: Done 43040 tasks      | elapsed:    4.7s
[Parallel(n_jobs=-1)]: Done 78240 tasks      | elapsed:    8.4s
[Parallel(n_jobs=-1)]: Using backend MultiprocessingBackend with 48 concurrent workers.
[Parallel(n_jobs=-1)]: Done 138 tasks      | elapsed:    0.6s
[Parallel(n_jobs=-1)]: Done 726 tasks      | elapsed:    0.9s
[Parallel(n_jobs=-1)]: Done 1000 out of 1000 | elapsed:    1.0s finished
[Parallel(n_jobs=-1)]: Using backend MultiprocessingBackend with 48 concurrent workers.
[Parallel(n_jobs=-1)]: Done 118 tasks      | elapsed:    1.2s
[Parallel(n_jobs=-1)]: Done 612 tasks      | elapsed:    2.6s
[Parallel(n_jobs=-1)]: Done 905 out of 1000 | elapsed:    3.5s remaining:    0.4s
[Parallel(n_jobs=-1)]: Done 119840 tasks      | elapsed:   14.0s
[Parallel(n_jobs=-1)]: Done 1000 out of 1000 | elapsed:    3.7s finished
[Parallel(n_jobs=-1)]: Using backend MultiprocessingBackend with 48 concurrent workers.
[Parallel(n_jobs=-1)]: Done 112 tasks      | elapsed:    0.8s
[Parallel(n_jobs=-1)]: Done 612 tasks      | elapsed:    2.3s
[Parallel(n_jobs=-1)]: Done 1000 out of 1000 | elapsed:    3.1s finished
[Parallel(n_jobs=-1)]: Using backend MultiprocessingBackend with 48 concurrent workers.
[Parallel(n_jobs=-1)]: Done 146 tasks      | elapsed:    1.1s
[Parallel(n_jobs=-1)]: Done 1200 tasks      | elapsed:    1.7s
[Parallel(n_jobs=-1)]: Done 167840 tasks      | elapsed:   20.6s
[Parallel(n_jobs=-1)]: Done 10144 tasks      | elapsed:    3.9s
[Parallel(n_jobs=-1)]: Done 24544 tasks      | elapsed:    7.6s
[Parallel(n_jobs=-1)]: Done 213816 tasks      | elapsed:   29.2s
[Parallel(n_jobs=-1)]: Done 42144 tasks      | elapsed:   12.0s
[Parallel(n_jobs=-1)]: Done 233376 tasks      | elapsed:   32.6s
[Parallel(n_jobs=-1)]: Done 62944 tasks      | elapsed:   17.4s
[Parallel(n_jobs=-1)]: Done 258576 tasks      | elapsed:   37.8s
[Parallel(n_jobs=-1)]: Done 86944 tasks      | elapsed:   23.5s
[Parallel(n_jobs=-1)]: Done 286176 tasks      | elapsed:   43.8s
[Parallel(n_jobs=-1)]: Done 114144 tasks      | elapsed:   31.3s
[Parallel(n_jobs=-1)]: Done 316176 tasks      | elapsed:   49.1s
[Parallel(n_jobs=-1)]: Done 144544 tasks      | elapsed:   38.2s
[Parallel(n_jobs=-1)]: Done 343456 tasks      | elapsed:   56.5s
[Parallel(n_jobs=-1)]: Done 167280 tasks      | elapsed:   46.0s
[Parallel(n_jobs=-1)]: Done 389856 tasks      | elapsed:  1.1min
[Parallel(n_jobs=-1)]: Done 194880 tasks      | elapsed:   52.6s
[Parallel(n_jobs=-1)]: Done 439456 tasks      | elapsed:  1.2min
[Parallel(n_jobs=-1)]: Done 221024 tasks      | elapsed:  1.0min
[Parallel(n_jobs=-1)]: Done 481968 tasks      | elapsed:  1.4min
[Parallel(n_jobs=-1)]: Done 267264 tasks      | elapsed:  1.2min
[Parallel(n_jobs=-1)]: Done 556608 tasks      | elapsed:  1.6min
[Parallel(n_jobs=-1)]: Done 297936 tasks      | elapsed:  1.4min
[Parallel(n_jobs=-1)]: Done 609952 tasks      | elapsed:  1.7min
[Parallel(n_jobs=-1)]: Done 322112 tasks      | elapsed:  1.5min
[Parallel(n_jobs=-1)]: Done 671328 tasks      | elapsed:  1.9min
[Parallel(n_jobs=-1)]: Done 386768 tasks      | elapsed:  1.7min
[Parallel(n_jobs=-1)]: Done 761856 tasks      | elapsed:  2.1min
[Parallel(n_jobs=-1)]: Done 432768 tasks      | elapsed:  1.9min
[Parallel(n_jobs=-1)]: Done 830176 tasks      | elapsed:  2.3min
[Parallel(n_jobs=-1)]: Done 477168 tasks      | elapsed:  2.1min
[Parallel(n_jobs=-1)]: Done 895648 tasks      | elapsed:  2.5min
[Parallel(n_jobs=-1)]: Done 532288 tasks      | elapsed:  2.2min
[Parallel(n_jobs=-1)]: Done 970848 tasks      | elapsed:  2.7min
[Parallel(n_jobs=-1)]: Done 1000000 out of 1000000 | elapsed:  2.8min finished
[Parallel(n_jobs=-1)]: Done 588672 tasks      | elapsed:  2.5min
[Parallel(n_jobs=-1)]: Done 651744 tasks      | elapsed:  2.7min
[Parallel(n_jobs=-1)]: Using backend MultiprocessingBackend with 48 concurrent workers.
[Parallel(n_jobs=-1)]: Done 104 tasks      | elapsed:    6.7s
[Parallel(n_jobs=-1)]: Done 666 tasks      | elapsed:    7.1s
[Parallel(n_jobs=-1)]: Done 5120 tasks      | elapsed:    9.1s
[Parallel(n_jobs=-1)]: Done 12320 tasks      | elapsed:   12.0s
[Parallel(n_jobs=-1)]: Done 21120 tasks      | elapsed:   15.9s
[Parallel(n_jobs=-1)]: Done 31520 tasks      | elapsed:   20.0s
[Parallel(n_jobs=-1)]: Done 43520 tasks      | elapsed:   23.8s
[Parallel(n_jobs=-1)]: Done 57120 tasks      | elapsed:   26.6s
[Parallel(n_jobs=-1)]: Done 757632 tasks      | elapsed:  3.0min
[Parallel(n_jobs=-1)]: Done 72320 tasks      | elapsed:   31.9s
[Parallel(n_jobs=-1)]: Done 89120 tasks      | elapsed:   39.1s
[Parallel(n_jobs=-1)]: Done 856608 tasks      | elapsed:  3.3min
[Parallel(n_jobs=-1)]: Done 107520 tasks      | elapsed:   53.2s
[Parallel(n_jobs=-1)]: Done 122240 tasks      | elapsed:   59.9s
[Parallel(n_jobs=-1)]: Done 940384 tasks      | elapsed:  3.6min
[Parallel(n_jobs=-1)]: Done 143840 tasks      | elapsed:  1.2min
[Parallel(n_jobs=-1)]: Done 1000000 out of 1000000 | elapsed:  3.7min finished
[Parallel(n_jobs=-1)]: Done 167040 tasks      | elapsed:  1.2min
[Parallel(n_jobs=-1)]: Done 191840 tasks      | elapsed:  1.3min
[Parallel(n_jobs=-1)]: Using backend MultiprocessingBackend with 48 concurrent workers.
[Parallel(n_jobs=-1)]: Done 104 tasks      | elapsed:    9.7s
[Parallel(n_jobs=-1)]: Done 218240 tasks      | elapsed:  1.4min
[Parallel(n_jobs=-1)]: Done 354 tasks      | elapsed:   10.3s
[Parallel(n_jobs=-1)]: Done 1040 tasks      | elapsed:   12.1s
[Parallel(n_jobs=-1)]: Done 2840 tasks      | elapsed:   15.2s
[Parallel(n_jobs=-1)]: Done 5040 tasks      | elapsed:   18.7s
[Parallel(n_jobs=-1)]: Done 254112 tasks      | elapsed:  1.7min
[Parallel(n_jobs=-1)]: Done 7640 tasks      | elapsed:   24.5s
[Parallel(n_jobs=-1)]: Done 10640 tasks      | elapsed:   31.3s
[Parallel(n_jobs=-1)]: Done 313312 tasks      | elapsed:  1.9min
[Parallel(n_jobs=-1)]: Done 14040 tasks      | elapsed:   38.9s
[Parallel(n_jobs=-1)]: Done 17840 tasks      | elapsed:   46.8s
[Parallel(n_jobs=-1)]: Done 22040 tasks      | elapsed:   54.2s
[Parallel(n_jobs=-1)]: Done 366496 tasks      | elapsed:  2.2min
[Parallel(n_jobs=-1)]: Done 26640 tasks      | elapsed:  1.1min
[Parallel(n_jobs=-1)]: Done 432096 tasks      | elapsed:  2.5min
[Parallel(n_jobs=-1)]: Done 31640 tasks      | elapsed:  1.3min
[Parallel(n_jobs=-1)]: Done 36272 tasks      | elapsed:  1.6min
[Parallel(n_jobs=-1)]: Done 490464 tasks      | elapsed:  2.8min
[Parallel(n_jobs=-1)]: Done 42072 tasks      | elapsed:  1.8min
[Parallel(n_jobs=-1)]: Done 544464 tasks      | elapsed:  3.1min
[Parallel(n_jobs=-1)]: Done 48272 tasks      | elapsed:  2.0min
[Parallel(n_jobs=-1)]: Done 600864 tasks      | elapsed:  3.3min
[Parallel(n_jobs=-1)]: Done 54872 tasks      | elapsed:  2.2min
[Parallel(n_jobs=-1)]: Done 650048 tasks      | elapsed:  3.6min
[Parallel(n_jobs=-1)]: Done 61872 tasks      | elapsed:  2.4min
[Parallel(n_jobs=-1)]: Done 690848 tasks      | elapsed:  3.8min
[Parallel(n_jobs=-1)]: Done 733248 tasks      | elapsed:  3.9min
[Parallel(n_jobs=-1)]: Done 68020 tasks      | elapsed:  2.8min
[Parallel(n_jobs=-1)]: Done 777248 tasks      | elapsed:  4.1min
[Parallel(n_jobs=-1)]: Done 75728 tasks      | elapsed:  3.0min
[Parallel(n_jobs=-1)]: Done 822848 tasks      | elapsed:  4.3min
[Parallel(n_jobs=-1)]: Done 83928 tasks      | elapsed:  3.3min
[Parallel(n_jobs=-1)]: Done 899424 tasks      | elapsed:  4.8min
[Parallel(n_jobs=-1)]: Done 92528 tasks      | elapsed:  3.6min
[Parallel(n_jobs=-1)]: Done 997024 tasks      | elapsed:  5.1min
[Parallel(n_jobs=-1)]: Done 1000000 out of 1000000 | elapsed:  5.1min finished
[Parallel(n_jobs=-1)]: Done 101528 tasks      | elapsed:  3.9min
[Parallel(n_jobs=-1)]: Done 105024 tasks      | elapsed:  4.1min
[Parallel(n_jobs=-1)]: Done 107474 tasks      | elapsed:  4.3min
[Parallel(n_jobs=-1)]: Done 110024 tasks      | elapsed:  4.4min
[Parallel(n_jobs=-1)]: Done 112674 tasks      | elapsed:  4.5min
[Parallel(n_jobs=-1)]: Done 115424 tasks      | elapsed:  4.6min
[Parallel(n_jobs=-1)]: Using backend MultiprocessingBackend with 48 concurrent workers.
[Parallel(n_jobs=-1)]: Done 112 tasks      | elapsed:   15.3s
[Parallel(n_jobs=-1)]: Done 1200 tasks      | elapsed:   15.7s
[Parallel(n_jobs=-1)]: Done 6560 tasks      | elapsed:   17.0s
[Parallel(n_jobs=-1)]: Done 13760 tasks      | elapsed:   18.7s
[Parallel(n_jobs=-1)]: Done 22560 tasks      | elapsed:   20.8s
[Parallel(n_jobs=-1)]: Done 32960 tasks      | elapsed:   23.2s
[Parallel(n_jobs=-1)]: Done 44960 tasks      | elapsed:   25.8s
[Parallel(n_jobs=-1)]: Done 125288 tasks      | elapsed:  4.9min
[Parallel(n_jobs=-1)]: Done 71136 tasks      | elapsed:   31.3s
[Parallel(n_jobs=-1)]: Done 101536 tasks      | elapsed:   36.7s
[Parallel(n_jobs=-1)]: Done 135136 tasks      | elapsed:   42.6s
[Parallel(n_jobs=-1)]: Done 137088 tasks      | elapsed:  5.2min
[Parallel(n_jobs=-1)]: Done 162720 tasks      | elapsed:   58.1s
[Parallel(n_jobs=-1)]: Done 202720 tasks      | elapsed:  1.1min
[Parallel(n_jobs=-1)]: Done 148994 tasks      | elapsed:  5.6min
[Parallel(n_jobs=-1)]: Done 245920 tasks      | elapsed:  1.2min
[Parallel(n_jobs=-1)]: Done 152144 tasks      | elapsed:  5.8min
[Parallel(n_jobs=-1)]: Done 155394 tasks      | elapsed:  5.9min
[Parallel(n_jobs=-1)]: Done 286512 tasks      | elapsed:  1.5min
[Parallel(n_jobs=-1)]: Done 158744 tasks      | elapsed:  6.1min
[Parallel(n_jobs=-1)]: Done 332704 tasks      | elapsed:  1.7min
[Parallel(n_jobs=-1)]: Done 385504 tasks      | elapsed:  1.8min
[Parallel(n_jobs=-1)]: Done 165896 tasks      | elapsed:  6.3min
[Parallel(n_jobs=-1)]: Done 432288 tasks      | elapsed:  2.1min
[Parallel(n_jobs=-1)]: Done 180096 tasks      | elapsed:  6.7min
[Parallel(n_jobs=-1)]: Done 491488 tasks      | elapsed:  2.3min
[Parallel(n_jobs=-1)]: Done 553888 tasks      | elapsed:  2.5min
[Parallel(n_jobs=-1)]: Done 194696 tasks      | elapsed:  7.1min
[Parallel(n_jobs=-1)]: Done 610272 tasks      | elapsed:  2.8min
[Parallel(n_jobs=-1)]: Done 679072 tasks      | elapsed:  3.0min
[Parallel(n_jobs=-1)]: Done 208640 tasks      | elapsed:  7.6min
[Parallel(n_jobs=-1)]: Done 741856 tasks      | elapsed:  3.4min
[Parallel(n_jobs=-1)]: Done 224040 tasks      | elapsed:  8.0min
[Parallel(n_jobs=-1)]: Done 817056 tasks      | elapsed:  3.6min
[Parallel(n_jobs=-1)]: Done 237728 tasks      | elapsed:  8.5min
[Parallel(n_jobs=-1)]: Done 886240 tasks      | elapsed:  4.0min
[Parallel(n_jobs=-1)]: Done 241778 tasks      | elapsed:  8.7min
[Parallel(n_jobs=-1)]: Done 967840 tasks      | elapsed:  4.3min
[Parallel(n_jobs=-1)]: Done 245928 tasks      | elapsed:  8.9min
[Parallel(n_jobs=-1)]: Done 1000000 out of 1000000 | elapsed:  4.6min finished
[Parallel(n_jobs=-1)]: Done 251284 tasks      | elapsed:  9.1min
[Parallel(n_jobs=-1)]: Done 259984 tasks      | elapsed:  9.4min
[Parallel(n_jobs=-1)]: Done 268884 tasks      | elapsed:  9.7min
[Parallel(n_jobs=-1)]: Done 277984 tasks      | elapsed: 10.0min
[Parallel(n_jobs=-1)]: Done 287284 tasks      | elapsed: 10.4min
[Parallel(n_jobs=-1)]: Done 296784 tasks      | elapsed: 10.7min
[Parallel(n_jobs=-1)]: Done 306484 tasks      | elapsed: 11.0min
[Parallel(n_jobs=-1)]: Done 312152 tasks      | elapsed: 11.4min
[Parallel(n_jobs=-1)]: Done 317202 tasks      | elapsed: 11.7min
[Parallel(n_jobs=-1)]: Done 322352 tasks      | elapsed: 11.9min
[Parallel(n_jobs=-1)]: Done 327602 tasks      | elapsed: 12.2min
[Parallel(n_jobs=-1)]: Done 343488 tasks      | elapsed: 12.7min
[Parallel(n_jobs=-1)]: Done 365288 tasks      | elapsed: 13.2min
[Parallel(n_jobs=-1)]: Done 386576 tasks      | elapsed: 13.9min
[Parallel(n_jobs=-1)]: Done 409176 tasks      | elapsed: 14.5min
[Parallel(n_jobs=-1)]: Done 431408 tasks      | elapsed: 15.2min
[Parallel(n_jobs=-1)]: Done 454808 tasks      | elapsed: 15.8min
[Parallel(n_jobs=-1)]: Done 470064 tasks      | elapsed: 16.4min
[Parallel(n_jobs=-1)]: Done 482164 tasks      | elapsed: 16.9min
[Parallel(n_jobs=-1)]: Done 494464 tasks      | elapsed: 17.3min
[Parallel(n_jobs=-1)]: Done 506964 tasks      | elapsed: 17.7min
[Parallel(n_jobs=-1)]: Done 519664 tasks      | elapsed: 18.2min
[Parallel(n_jobs=-1)]: Done 532564 tasks      | elapsed: 18.6min
[Parallel(n_jobs=-1)]: Done 545472 tasks      | elapsed: 19.3min
[Parallel(n_jobs=-1)]: Done 558772 tasks      | elapsed: 19.7min
[Parallel(n_jobs=-1)]: Done 572272 tasks      | elapsed: 20.2min
[Parallel(n_jobs=-1)]: Done 585972 tasks      | elapsed: 20.6min
[Parallel(n_jobs=-1)]: Done 599872 tasks      | elapsed: 21.1min
[Parallel(n_jobs=-1)]: Done 613972 tasks      | elapsed: 21.6min
[Parallel(n_jobs=-1)]: Done 628224 tasks      | elapsed: 22.3min
[Parallel(n_jobs=-1)]: Done 635474 tasks      | elapsed: 22.6min
[Parallel(n_jobs=-1)]: Done 642824 tasks      | elapsed: 23.0min
[Parallel(n_jobs=-1)]: Done 652788 tasks      | elapsed: 23.4min
[Parallel(n_jobs=-1)]: Done 667888 tasks      | elapsed: 23.9min
[Parallel(n_jobs=-1)]: Done 683188 tasks      | elapsed: 24.5min
[Parallel(n_jobs=-1)]: Done 698688 tasks      | elapsed: 25.0min
[Parallel(n_jobs=-1)]: Done 714388 tasks      | elapsed: 25.6min
[Parallel(n_jobs=-1)]: Done 729152 tasks      | elapsed: 26.3min
[Parallel(n_jobs=-1)]: Done 737202 tasks      | elapsed: 26.7min
[Parallel(n_jobs=-1)]: Done 745352 tasks      | elapsed: 27.1min
[Parallel(n_jobs=-1)]: Done 753602 tasks      | elapsed: 27.6min
[Parallel(n_jobs=-1)]: Done 761952 tasks      | elapsed: 28.1min
[Parallel(n_jobs=-1)]: Done 770402 tasks      | elapsed: 28.5min
[Parallel(n_jobs=-1)]: Done 778952 tasks      | elapsed: 29.0min
[Parallel(n_jobs=-1)]: Done 787602 tasks      | elapsed: 29.4min
[Parallel(n_jobs=-1)]: Done 796352 tasks      | elapsed: 29.9min
[Parallel(n_jobs=-1)]: Done 805202 tasks      | elapsed: 30.4min
[Parallel(n_jobs=-1)]: Done 814152 tasks      | elapsed: 30.8min
[Parallel(n_jobs=-1)]: Done 823202 tasks      | elapsed: 31.3min
[Parallel(n_jobs=-1)]: Done 832352 tasks      | elapsed: 31.8min
[Parallel(n_jobs=-1)]: Done 841602 tasks      | elapsed: 32.3min
[Parallel(n_jobs=-1)]: Done 850952 tasks      | elapsed: 32.8min
[Parallel(n_jobs=-1)]: Done 860402 tasks      | elapsed: 33.3min
[Parallel(n_jobs=-1)]: Done 869952 tasks      | elapsed: 33.8min
[Parallel(n_jobs=-1)]: Done 879602 tasks      | elapsed: 34.3min
[Parallel(n_jobs=-1)]: Done 889352 tasks      | elapsed: 34.8min
[Parallel(n_jobs=-1)]: Done 899202 tasks      | elapsed: 35.4min
[Parallel(n_jobs=-1)]: Done 909152 tasks      | elapsed: 35.9min
[Parallel(n_jobs=-1)]: Done 919202 tasks      | elapsed: 36.4min
[Parallel(n_jobs=-1)]: Done 929352 tasks      | elapsed: 37.0min
[Parallel(n_jobs=-1)]: Done 939602 tasks      | elapsed: 37.7min
[Parallel(n_jobs=-1)]: Done 949952 tasks      | elapsed: 38.3min
[Parallel(n_jobs=-1)]: Done 960402 tasks      | elapsed: 38.8min
[Parallel(n_jobs=-1)]: Done 970952 tasks      | elapsed: 39.4min
[Parallel(n_jobs=-1)]: Done 981602 tasks      | elapsed: 39.9min
[Parallel(n_jobs=-1)]: Done 992352 tasks      | elapsed: 40.5min
[Parallel(n_jobs=-1)]: Done 1000000 out of 1000000 | elapsed: 40.9min finished
[Parallel(n_jobs=-1)]: Using backend MultiprocessingBackend with 48 concurrent workers.
[Parallel(n_jobs=-1)]: Done 112 tasks      | elapsed:   29.5s
[Parallel(n_jobs=-1)]: Done 612 tasks      | elapsed:   30.6s
[Parallel(n_jobs=-1)]: Done 1312 tasks      | elapsed:   31.9s
[Parallel(n_jobs=-1)]: Done 2212 tasks      | elapsed:   33.6s
[Parallel(n_jobs=-1)]: Done 3312 tasks      | elapsed:   35.6s
[Parallel(n_jobs=-1)]: Done 4612 tasks      | elapsed:   38.0s
[Parallel(n_jobs=-1)]: Done 6112 tasks      | elapsed:   40.8s
[Parallel(n_jobs=-1)]: Done 7812 tasks      | elapsed:   43.8s
[Parallel(n_jobs=-1)]: Done 9712 tasks      | elapsed:   47.5s
[Parallel(n_jobs=-1)]: Done 11812 tasks      | elapsed:   51.6s
[Parallel(n_jobs=-1)]: Done 14112 tasks      | elapsed:   56.0s
[Parallel(n_jobs=-1)]: Done 16612 tasks      | elapsed:  1.0min
[Parallel(n_jobs=-1)]: Done 19312 tasks      | elapsed:  1.1min
[Parallel(n_jobs=-1)]: Done 22212 tasks      | elapsed:  1.2min
[Parallel(n_jobs=-1)]: Done 25312 tasks      | elapsed:  1.3min
[Parallel(n_jobs=-1)]: Done 28612 tasks      | elapsed:  1.4min
[Parallel(n_jobs=-1)]: Done 32112 tasks      | elapsed:  1.5min
[Parallel(n_jobs=-1)]: Done 35812 tasks      | elapsed:  1.6min
[Parallel(n_jobs=-1)]: Done 39712 tasks      | elapsed:  1.8min
[Parallel(n_jobs=-1)]: Done 43812 tasks      | elapsed:  1.9min
[Parallel(n_jobs=-1)]: Done 47872 tasks      | elapsed:  2.2min
[Parallel(n_jobs=-1)]: Done 52372 tasks      | elapsed:  2.4min
[Parallel(n_jobs=-1)]: Done 57072 tasks      | elapsed:  2.5min
[Parallel(n_jobs=-1)]: Done 61972 tasks      | elapsed:  2.7min
[Parallel(n_jobs=-1)]: Done 67072 tasks      | elapsed:  2.8min
[Parallel(n_jobs=-1)]: Done 72372 tasks      | elapsed:  3.0min
[Parallel(n_jobs=-1)]: Done 77872 tasks      | elapsed:  3.2min
[Parallel(n_jobs=-1)]: Done 83572 tasks      | elapsed:  3.3min
[Parallel(n_jobs=-1)]: Done 89472 tasks      | elapsed:  3.5min
[Parallel(n_jobs=-1)]: Done 98264 tasks      | elapsed:  4.0min
[Parallel(n_jobs=-1)]: Done 110864 tasks      | elapsed:  4.4min
[Parallel(n_jobs=-1)]: Done 120996 tasks      | elapsed:  4.9min
[Parallel(n_jobs=-1)]: Done 127696 tasks      | elapsed:  5.1min
[Parallel(n_jobs=-1)]: Done 134596 tasks      | elapsed:  5.3min
[Parallel(n_jobs=-1)]: Done 141696 tasks      | elapsed:  5.6min
[Parallel(n_jobs=-1)]: Done 148996 tasks      | elapsed:  5.8min
[Parallel(n_jobs=-1)]: Done 156496 tasks      | elapsed:  6.0min
[Parallel(n_jobs=-1)]: Done 164082 tasks      | elapsed:  6.5min
[Parallel(n_jobs=-1)]: Done 171904 tasks      | elapsed:  6.7min
[Parallel(n_jobs=-1)]: Done 180004 tasks      | elapsed:  7.0min
[Parallel(n_jobs=-1)]: Done 188304 tasks      | elapsed:  7.2min
[Parallel(n_jobs=-1)]: Done 196804 tasks      | elapsed:  7.5min
[Parallel(n_jobs=-1)]: Done 205504 tasks      | elapsed:  7.8min
[Parallel(n_jobs=-1)]: Done 214212 tasks      | elapsed:  8.3min
[Parallel(n_jobs=-1)]: Done 223312 tasks      | elapsed:  8.6min
[Parallel(n_jobs=-1)]: Done 232612 tasks      | elapsed:  8.9min
[Parallel(n_jobs=-1)]: Done 242112 tasks      | elapsed:  9.2min
[Parallel(n_jobs=-1)]: Done 251812 tasks      | elapsed:  9.5min
[Parallel(n_jobs=-1)]: Done 261472 tasks      | elapsed: 10.0min
[Parallel(n_jobs=-1)]: Done 271572 tasks      | elapsed: 10.3min
[Parallel(n_jobs=-1)]: Done 281872 tasks      | elapsed: 10.6min
[Parallel(n_jobs=-1)]: Done 292372 tasks      | elapsed: 11.0min
[Parallel(n_jobs=-1)]: Done 303072 tasks      | elapsed: 11.5min
[Parallel(n_jobs=-1)]: Done 313780 tasks      | elapsed: 11.9min
[Parallel(n_jobs=-1)]: Done 324880 tasks      | elapsed: 12.2min
[Parallel(n_jobs=-1)]: Done 336180 tasks      | elapsed: 12.6min
[Parallel(n_jobs=-1)]: Done 347680 tasks      | elapsed: 13.0min
[Parallel(n_jobs=-1)]: Done 359188 tasks      | elapsed: 13.5min
[Parallel(n_jobs=-1)]: Done 371088 tasks      | elapsed: 13.9min
[Parallel(n_jobs=-1)]: Done 383188 tasks      | elapsed: 14.3min
[Parallel(n_jobs=-1)]: Done 395488 tasks      | elapsed: 14.7min
[Parallel(n_jobs=-1)]: Done 407748 tasks      | elapsed: 15.3min
[Parallel(n_jobs=-1)]: Done 420448 tasks      | elapsed: 15.7min
[Parallel(n_jobs=-1)]: Done 433348 tasks      | elapsed: 16.1min
[Parallel(n_jobs=-1)]: Done 448080 tasks      | elapsed: 16.8min
[Parallel(n_jobs=-1)]: Done 473912 tasks      | elapsed: 17.8min
[Parallel(n_jobs=-1)]: Done 498640 tasks      | elapsed: 18.8min
[Parallel(n_jobs=-1)]: Done 512340 tasks      | elapsed: 19.2min
[Parallel(n_jobs=-1)]: Done 526240 tasks      | elapsed: 19.6min
[Parallel(n_jobs=-1)]: Done 540340 tasks      | elapsed: 20.1min
[Parallel(n_jobs=-1)]: Done 565776 tasks      | elapsed: 21.1min
[Parallel(n_jobs=-1)]: Done 593864 tasks      | elapsed: 22.2min
[Parallel(n_jobs=-1)]: Done 621376 tasks      | elapsed: 23.4min
[Parallel(n_jobs=-1)]: Done 636276 tasks      | elapsed: 23.9min
[Parallel(n_jobs=-1)]: Done 651376 tasks      | elapsed: 24.4min
[Parallel(n_jobs=-1)]: Done 666676 tasks      | elapsed: 24.9min
[Parallel(n_jobs=-1)]: Done 695712 tasks      | elapsed: 26.2min
[Parallel(n_jobs=-1)]: Done 723460 tasks      | elapsed: 27.3min
[Parallel(n_jobs=-1)]: Done 739360 tasks      | elapsed: 27.8min
[Parallel(n_jobs=-1)]: Done 755460 tasks      | elapsed: 28.3min
[Parallel(n_jobs=-1)]: Done 775616 tasks      | elapsed: 29.1min
[Parallel(n_jobs=-1)]: Done 807848 tasks      | elapsed: 30.3min
[Parallel(n_jobs=-1)]: Done 830832 tasks      | elapsed: 31.3min
[Parallel(n_jobs=-1)]: Done 847732 tasks      | elapsed: 31.8min
[Parallel(n_jobs=-1)]: Done 864832 tasks      | elapsed: 32.4min
[Parallel(n_jobs=-1)]: Done 894552 tasks      | elapsed: 33.7min
[Parallel(n_jobs=-1)]: Done 928640 tasks      | elapsed: 35.0min
[Parallel(n_jobs=-1)]: Done 955252 tasks      | elapsed: 36.1min
[Parallel(n_jobs=-1)]: Done 973152 tasks      | elapsed: 36.6min
[Parallel(n_jobs=-1)]: Done 991252 tasks      | elapsed: 37.2min
[Parallel(n_jobs=-1)]: Done 1000000 out of 1000000 | elapsed: 37.7min finished
## dataset geneartion with config config/shape_n=2_field=QQ.yaml ##########
Namespace(data_path='./data/diff_dataset', data_encoding='infix', save_path='data/shape/shape_n=2_field=QQ', config_path='config/shape_n=2_field=QQ.yaml', testset_only=True)
{'degree_sampling': 'uniform', 'density': 1.0, 'field': 'QQ', 'gb_type': 'shape', 'max_coeff_F': 100, 'max_coeff_G': 5, 'max_degree_F': 3, 'max_degree_G': 5, 'max_num_terms_F': 3, 'max_num_terms_G': 5, 'max_size_F': 4, 'num_bound_F': 100, 'num_bound_G': 5, 'num_duplicants': 1, 'num_samples_test': 1000, 'num_samples_train': 1000000, 'num_var': 2, 'term_sampling': 'uniform'}
-- Test set (1000 samples)
[Parallel(n_jobs=-1)]: Using backend MultiprocessingBackend with 48 concurrent workers.
[Parallel(n_jobs=-1)]: Done 135 tasks      | elapsed:    0.4s
[Parallel(n_jobs=-1)]: Done 732 tasks      | elapsed:    0.6s
[Parallel(n_jobs=-1)]: Done 1000 out of 1000 | elapsed:    0.6s finished
[Parallel(n_jobs=-1)]: Using backend MultiprocessingBackend with 48 concurrent workers.
[Parallel(n_jobs=-1)]: Done 129 tasks      | elapsed:    0.6s
[Parallel(n_jobs=-1)]: Done 738 tasks      | elapsed:    0.9s
[Parallel(n_jobs=-1)]: Done 1000 out of 1000 | elapsed:    0.9s finished
[Parallel(n_jobs=-1)]: Using backend MultiprocessingBackend with 48 concurrent workers.
[Parallel(n_jobs=-1)]: Done 112 tasks      | elapsed:    0.4s
[Parallel(n_jobs=-1)]: Done 738 tasks      | elapsed:    0.7s
[Parallel(n_jobs=-1)]: Done 1000 out of 1000 | elapsed:    0.8s finished
---- dataset statistics -----------
# F
{'is_GB_max': 1.0,
 'is_GB_mean': 0.001,
 'is_GB_median': 0.0,
 'is_GB_min': 0.0,
 'is_GB_std': 0.03160696125855822,
 'max_coeff_max': 95.0,
 'max_coeff_mean': 9.361,
 'max_coeff_median': 7.0,
 'max_coeff_min': 1.0,
 'max_coeff_std': 8.68922775625084,
 'max_degree_max': 11.0,
 'max_degree_mean': 6.64,
 'max_degree_median': 7.0,
 'max_degree_min': 1.0,
 'max_degree_std': 1.9835322029147902,
 'max_num_monoms_max': 39.0,
 'max_num_monoms_mean': 16.296,
 'max_num_monoms_median': 16.0,
 'max_num_monoms_min': 3.0,
 'max_num_monoms_std': 7.057080416149444,
 'min_degree_max': 8.0,
 'min_degree_mean': 3.373,
 'min_degree_median': 3.0,
 'min_degree_min': 1.0,
 'min_degree_std': 1.961599092577278,
 'min_num_monoms_max': 19.0,
 'min_num_monoms_mean': 5.31,
 'min_num_monoms_median': 5.0,
 'min_num_monoms_min': 2.0,
 'min_num_monoms_std': 3.175200781053066,
 'size_max': 4.0,
 'size_mean': 2.993,
 'size_median': 3.0,
 'size_min': 2.0,
 'size_std': 0.8005941543628706,
 'total_num_monoms_max': 41.0,
 'total_num_monoms_mean': 16.29,
 'total_num_monoms_median': 16.0,
 'total_num_monoms_min': 2.0,
 'total_num_monoms_std': 8.641174688663574}
# G
{'is_GB_max': 1.0,
 'is_GB_mean': 1.0,
 'is_GB_median': 1.0,
 'is_GB_min': 1.0,
 'is_GB_std': 0.0,
 'max_coeff_max': 2.0,
 'max_coeff_mean': 1.498,
 'max_coeff_median': 1.0,
 'max_coeff_min': 1.0,
 'max_coeff_std': 0.4999959999839998,
 'max_degree_max': 5.0,
 'max_degree_mean': 3.023,
 'max_degree_median': 3.0,
 'max_degree_min': 1.0,
 'max_degree_std': 1.3843666421869605,
 'max_num_monoms_max': 6.0,
 'max_num_monoms_mean': 2.987,
 'max_num_monoms_median': 3.0,
 'max_num_monoms_min': 2.0,
 'max_num_monoms_std': 1.0425118704360155,
 'min_degree_max': 4.0,
 'min_degree_mean': 1.478,
 'min_degree_median': 1.0,
 'min_degree_min': 1.0,
 'min_degree_std': 0.8291658458957413,
 'min_num_monoms_max': 5.0,
 'min_num_monoms_mean': 1.927,
 'min_num_monoms_median': 2.0,
 'min_num_monoms_min': 1.0,
 'min_num_monoms_std': 0.8022910943043055,
 'size_max': 2.0,
 'size_mean': 2.0,
 'size_median': 2.0,
 'size_min': 2.0,
 'size_std': 0.0,
 'total_num_monoms_max': 9.0,
 'total_num_monoms_mean': 4.501,
 'total_num_monoms_median': 4.0,
 'total_num_monoms_min': 2.0,
 'total_num_monoms_std': 1.9662143830213428}

[Parallel(n_jobs=-1)]: Using backend MultiprocessingBackend with 48 concurrent workers.
[Parallel(n_jobs=-1)]: Done 112 tasks      | elapsed:    0.4s
[Parallel(n_jobs=-1)]: Done 738 tasks      | elapsed:    0.6s
[Parallel(n_jobs=-1)]: Done 1000 out of 1000 | elapsed:    0.7s finished
---- dataset statistics -----------
# F
{'is_GB_max': 1.0,
 'is_GB_mean': 0.001,
 'is_GB_median': 0.0,
 'is_GB_min': 0.0,
 'is_GB_std': 0.03160696125855822,
 'max_coeff_max': 95.0,
 'max_coeff_mean': 9.361,
 'max_coeff_median': 7.0,
 'max_coeff_min': 1.0,
 'max_coeff_std': 8.68922775625084,
 'max_degree_max': 11.0,
 'max_degree_mean': 6.64,
 'max_degree_median': 7.0,
 'max_degree_min': 1.0,
 'max_degree_std': 1.9835322029147902,
 'max_num_monoms_max': 39.0,
 'max_num_monoms_mean': 16.296,
 'max_num_monoms_median': 16.0,
 'max_num_monoms_min': 3.0,
 'max_num_monoms_std': 7.057080416149444,
 'min_degree_max': 8.0,
 'min_degree_mean': 3.373,
 'min_degree_median': 3.0,
 'min_degree_min': 1.0,
 'min_degree_std': 1.961599092577278,
 'min_num_monoms_max': 19.0,
 'min_num_monoms_mean': 5.31,
 'min_num_monoms_median': 5.0,
 'min_num_monoms_min': 2.0,
 'min_num_monoms_std': 3.175200781053066,
 'size_max': 4.0,
 'size_mean': 2.993,
 'size_median': 3.0,
 'size_min': 2.0,
 'size_std': 0.8005941543628706,
 'total_num_monoms_max': 41.0,
 'total_num_monoms_mean': 16.29,
 'total_num_monoms_median': 16.0,
 'total_num_monoms_min': 2.0,
 'total_num_monoms_std': 8.641174688663574}
# G
{'is_GB_max': 1.0,
 'is_GB_mean': 1.0,
 'is_GB_median': 1.0,
 'is_GB_min': 1.0,
 'is_GB_std': 0.0,
 'max_coeff_max': 2.0,
 'max_coeff_mean': 1.498,
 'max_coeff_median': 1.0,
 'max_coeff_min': 1.0,
 'max_coeff_std': 0.4999959999839998,
 'max_degree_max': 5.0,
 'max_degree_mean': 3.023,
 'max_degree_median': 3.0,
 'max_degree_min': 1.0,
 'max_degree_std': 1.3843666421869605,
 'max_num_monoms_max': 6.0,
 'max_num_monoms_mean': 2.987,
 'max_num_monoms_median': 3.0,
 'max_num_monoms_min': 2.0,
 'max_num_monoms_std': 1.0425118704360155,
 'min_degree_max': 4.0,
 'min_degree_mean': 1.478,
 'min_degree_median': 1.0,
 'min_degree_min': 1.0,
 'min_degree_std': 0.8291658458957413,
 'min_num_monoms_max': 5.0,
 'min_num_monoms_mean': 1.927,
 'min_num_monoms_median': 2.0,
 'min_num_monoms_min': 1.0,
 'min_num_monoms_std': 0.8022910943043055,
 'size_max': 2.0,
 'size_mean': 2.0,
 'size_median': 2.0,
 'size_min': 2.0,
 'size_std': 0.0,
 'total_num_monoms_max': 9.0,
 'total_num_monoms_mean': 4.501,
 'total_num_monoms_median': 4.0,
 'total_num_monoms_min': 2.0,
 'total_num_monoms_std': 1.9662143830213428}

done!
[Parallel(n_jobs=-1)]: Using backend MultiprocessingBackend with 48 concurrent workers.
[Parallel(n_jobs=-1)]: Done 130 tasks      | elapsed:    0.4s
[Parallel(n_jobs=-1)]: Done 735 tasks      | elapsed:    0.6s
[Parallel(n_jobs=-1)]: Done 1000 out of 1000 | elapsed:    0.7s finished
[Parallel(n_jobs=-1)]: Using backend MultiprocessingBackend with 48 concurrent workers.
[Parallel(n_jobs=-1)]: Done 128 tasks      | elapsed:    0.6s
[Parallel(n_jobs=-1)]: Done 738 tasks      | elapsed:    0.9s
[Parallel(n_jobs=-1)]: Done 1000 out of 1000 | elapsed:    0.9s finished
[Parallel(n_jobs=-1)]: Using backend MultiprocessingBackend with 48 concurrent workers.
[Parallel(n_jobs=-1)]: Done 112 tasks      | elapsed:    0.4s
[Parallel(n_jobs=-1)]: Done 738 tasks      | elapsed:    0.5s
[Parallel(n_jobs=-1)]: Done 1000 out of 1000 | elapsed:    0.6s finished
[Parallel(n_jobs=-1)]: Using backend MultiprocessingBackend with 48 concurrent workers.
[Parallel(n_jobs=-1)]: Done 120 tasks      | elapsed:    0.3s
[Parallel(n_jobs=-1)]: Done 738 tasks      | elapsed:    0.4s
[Parallel(n_jobs=-1)]: Done 1000 out of 1000 | elapsed:    0.4s finished
[Parallel(n_jobs=-1)]: Using backend MultiprocessingBackend with 48 concurrent workers.
[Parallel(n_jobs=-1)]: Done 114 tasks      | elapsed:    0.9s
[Parallel(n_jobs=-1)]: Done 612 tasks      | elapsed:    2.9s
[Parallel(n_jobs=-1)]: Done 905 out of 1000 | elapsed:    4.1s remaining:    0.4s
[Parallel(n_jobs=-1)]: Done 1000 out of 1000 | elapsed:    4.5s finished
[Parallel(n_jobs=-1)]: Using backend MultiprocessingBackend with 48 concurrent workers.
[Parallel(n_jobs=-1)]: Done 112 tasks      | elapsed:    0.4s
[Parallel(n_jobs=-1)]: Done 738 tasks      | elapsed:    0.6s
[Parallel(n_jobs=-1)]: Done 1000 out of 1000 | elapsed:    0.7s finished
Running configuration: shape_n=3_field=GF7
Completed: shape_n=3_field=GF7
------------------------
Running configuration: shape_n=3_field=GF31
Completed: shape_n=3_field=GF31
------------------------
Running configuration: shape_n=3_field=QQ
Completed: shape_n=3_field=QQ
------------------------
Running configuration: shape_n=3_field=RR
Completed: shape_n=3_field=RR
------------------------
Running configuration: shape_n=4_field=GF7
Completed: shape_n=4_field=GF7
------------------------
Running configuration: shape_n=4_field=GF31
Completed: shape_n=4_field=GF31
------------------------
Running configuration: shape_n=4_field=QQ
Completed: shape_n=4_field=QQ
------------------------
Running configuration: shape_n=4_field=RR
Completed: shape_n=4_field=RR
------------------------
Running configuration: shape_n=5_field=GF7
Completed: shape_n=5_field=GF7
------------------------
Running configuration: shape_n=5_field=GF31
Completed: shape_n=5_field=GF31
------------------------
Running configuration: shape_n=5_field=QQ
Completed: shape_n=5_field=QQ
------------------------
Running configuration: shape_n=5_field=RR
Completed: shape_n=5_field=RR
------------------------
All configurations completed.
